<?xml version="1.0" encoding="utf-8"?><testsuites name="pytest tests"><testsuite name="pytest" errors="0" failures="0" skipped="0" tests="12" time="1.964" timestamp="2026-08-25T02:33:16.965410+00:00" hostname="agent-env-c4501f27-be8c-4676-a078-2f6ed641daee"><testcase classname="tests.test_websocket" name="test_ws_snapshot_and_ping_pong" time="0.320" /><testcase classname="tests.backend_test" name="test_root" time="0.203" /><testcase classname="tests.backend_test" name="test_market_prices_shape" time="0.091" /><testcase classname="tests.backend_test" name="test_market_chart_crypto" time="0.123" /><testcase classname="tests.test_websocket" name="test_market_chart_repeat_cache_stock" time="0.221" /><testcase classname="tests.backend_test" name="test_market_chart_stock" time="0.102" /><testcase classname="tests.backend_test" name="test_market_search_apple" time="0.257" /><testcase classname="tests.test_websocket" name="test_market_chart_stock_days_30" time="0.200" /><testcase classname="tests.backend_test" name="test_inquiry_create_no_capital" time="0.338" /><testcase classname="tests.backend_test" name="test_inquiry_ignores_extra_capital" time="0.310" /><testcase classname="tests.backend_test" name="test_inquiry_invalid_email" time="0.098" /><testcase classname="tests.backend_test" name="test_deck_pdf" time="0.101" /></testsuite></testsuites>