<?xml version="1.0" encoding="utf-8"?><testsuites name="pytest tests"><testsuite name="pytest" errors="0" failures="0" skipped="0" tests="31" time="7.247" timestamp="2026-08-25T02:54:48.747871+00:00" hostname="agent-env-c4501f27-be8c-4676-a078-2f6ed641daee"><testcase classname="tests.backend_test" name="test_root" time="0.224" /><testcase classname="tests.test_market_chart_p0" name="test_crypto_common_charts_ok[bitcoin]" time="0.367" /><testcase classname="tests.backend_test" name="test_market_prices_shape" time="0.127" /><testcase classname="tests.backend_test" name="test_market_chart_crypto" time="0.092" /><testcase classname="tests.test_market_chart_p0" name="test_crypto_common_charts_ok[ethereum]" time="0.220" /><testcase classname="tests.backend_test" name="test_market_chart_stock" time="0.231" /><testcase classname="tests.test_market_chart_p0" name="test_crypto_common_charts_ok[solana]" time="0.230" /><testcase classname="tests.backend_test" name="test_market_search_apple" time="0.452" /><testcase classname="tests.test_market_chart_p0" name="test_crypto_long_tail_charts_ok[dogecoin-None]" time="0.266" /><testcase classname="tests.test_market_chart_p0" name="test_crypto_long_tail_charts_ok[dogecoin-DOGE]" time="0.105" /><testcase classname="tests.backend_test" name="test_inquiry_create_no_capital" time="0.318" /><testcase classname="tests.test_market_chart_p0" name="test_crypto_long_tail_charts_ok[cardano-None]" time="0.283" /><testcase classname="tests.backend_test" name="test_inquiry_ignores_extra_capital" time="0.259" /><testcase classname="tests.test_market_chart_p0" name="test_crypto_long_tail_charts_ok[cardano-ADA]" time="0.124" /><testcase classname="tests.test_market_chart_p0" name="test_crypto_long_tail_charts_ok[ripple-None]" time="0.236" /><testcase classname="tests.backend_test" name="test_inquiry_invalid_email" time="0.101" /><testcase classname="tests.backend_test" name="test_deck_pdf" time="0.134" /><testcase classname="tests.test_market_chart_p0" name="test_crypto_long_tail_charts_ok[ripple-XRP]" time="0.121" /><testcase classname="tests.test_websocket" name="test_ws_snapshot_and_ping_pong" time="0.205" /><testcase classname="tests.test_market_chart_p0" name="test_crypto_long_tail_charts_ok[litecoin-None]" time="0.234" /><testcase classname="tests.test_websocket" name="test_market_chart_repeat_cache_stock" time="0.495" /><testcase classname="tests.test_market_chart_p0" name="test_crypto_long_tail_charts_ok[polkadot-None]" time="0.271" /><testcase classname="tests.test_market_chart_p0" name="test_crypto_long_tail_charts_ok[polkadot-DOT]" time="0.124" /><testcase classname="tests.test_market_chart_p0" name="test_crypto_unknown_returns_unavailable_not_502" time="3.337" /><testcase classname="tests.test_websocket" name="test_market_chart_stock_days_30" time="0.263" /><testcase classname="tests.test_market_chart_p0" name="test_stock_charts_ok[AAPL-1]" time="0.140" /><testcase classname="tests.test_market_chart_p0" name="test_stock_charts_ok[AAPL-7]" time="0.098" /><testcase classname="tests.test_market_chart_p0" name="test_stock_charts_ok[AAPL-30]" time="0.103" /><testcase classname="tests.test_market_chart_p0" name="test_stock_charts_ok[^GSPC-1]" time="0.272" /><testcase classname="tests.test_market_chart_p0" name="test_stock_charts_ok[^GSPC-30]" time="0.239" /><testcase classname="tests.test_market_chart_p0" name="test_market_prices_has_11_items" time="0.111" /></testsuite></testsuites>